Base path: /Applications/Unity/Unity.app/Contents
Cmd: getPlatforms
Cmd: disassembleShader
  api=5 insize=5758 outsize=5758 ok=1
Cmd: disassembleShader
  api=5 insize=7659 outsize=7659 ok=1
Cmd: disassembleShader
  api=5 insize=0 outsize=57 ok=1
Cmd: disassembleShader
  api=5 insize=3599 outsize=3599 ok=1
Cmd: disassembleShader
  api=4 insize=5428 outsize=5428 ok=1
Cmd: disassembleShader
  api=5 insize=3975 outsize=3975 ok=1
Cmd: disassembleShader
  api=4 insize=0 outsize=57 ok=1
Cmd: disassembleShader
  api=4 insize=0 outsize=57 ok=1
Cmd: disassembleShader
  api=4 insize=0 outsize=57 ok=1
Cmd: disassembleShader
  api=5 insize=3184 outsize=3184 ok=1
Cmd: disassembleShader
  api=4 insize=0 outsize=57 ok=1
Cmd: disassembleShader
  api=4 insize=5813 outsize=5813 ok=1
Cmd: disassembleShader
  api=4 insize=0 outsize=57 ok=1

Quitting shader compiler process
